<html>
<head>
<title>TestNG:  Default test</title>
<link href="../testng.css" rel="stylesheet" type="text/css" />
<link href="../my-testng.css" rel="stylesheet" type="text/css" />

<style type="text/css">
.log { display: none;} 
.stack-trace { display: none;} 
</style>
<script type="text/javascript">
<!--
function flip(e) {
  current = e.style.display;
  if (current == 'block') {
    e.style.display = 'none';
    return 0;
  }
  else {
    e.style.display = 'block';
    return 1;
  }
}

function toggleBox(szDivId, elem, msg1, msg2)
{
  var res = -1;  if (document.getElementById) {
    res = flip(document.getElementById(szDivId));
  }
  else if (document.all) {
    // this is the way old msie versions work
    res = flip(document.all[szDivId]);
  }
  if(elem) {
    if(res == 0) elem.innerHTML = msg1; else elem.innerHTML = msg2;
  }

}

function toggleAllBoxes() {
  if (document.getElementsByTagName) {
    d = document.getElementsByTagName('div');
    for (i = 0; i < d.length; i++) {
      if (d[i].className == 'log') {
        flip(d[i]);
      }
    }
  }
}

// -->
</script>

</head>
<body>
<h2 align='center'>Default test</h2><table border='1' align="center">
<tr>
<td>Tests passed/Failed/Skipped:</td><td>0/0/1</td>
</tr><tr>
<td>Started on:</td><td>Thu Jun 28 11:01:54 IST 2018</td>
</tr>
<tr><td>Total time:</td><td>105 seconds (105741 ms)</td>
</tr><tr>
<td>Included groups:</td><td></td>
</tr><tr>
<td>Excluded groups:</td><td></td>
</tr>
</table><p/>
<small><i>(Hover the method name to see the test class name)</i></small><p/>
<table width='100%' border='1' class='invocation-failed'>
<tr><td colspan='4' align='center'><b>FAILED CONFIGURATIONS</b></td></tr>
<tr><td><b>Test method</b></td>
<td width="30%"><b>Exception</b></td>
<td width="10%"><b>Time (seconds)</b></td>
<td><b>Instance</b></td>
</tr>
<tr>
<td title='sample.NewTest.beforeTest()'><b>beforeTest</b><br>Test class: sample.NewTest</td>
<td><div><pre>org.openqa.selenium.WebDriverException: Failed to connect to binary FirefoxBinary(C:\Program Files\Mozilla Firefox\firefox.exe) on port 7055; process output follows: 
{972ce4c6-7e08-4474-a285-3208198ce6fd}.xpi
1530163985107	addons.xpi	DEBUG	Existing add-on {972ce4c6-7e08-4474-a285-3208198ce6fd} in app-global
1530163985108	addons.xpi	DEBUG	Existing add-on {D19CA586-DD6C-4a0a-96F8-14644F340D60} in winreg-app-global
1530163985108	addons.xpi	DEBUG	getInstallState changed: false, state: {}
1530163986578	addons.xpi-utils	DEBUG	Async JSON file read took 0 MS
1530163986578	addons.xpi-utils	DEBUG	Finished async read of XPI database, parsing...
1530163986584	addons.xpi-utils	DEBUG	Successfully read XPI database
1530163986655	DeferredSave.webext.sc.lz4	DEBUG	Save changes
1530163986655	DeferredSave.webext.sc.lz4	DEBUG	Starting timer
1530163987176	DeferredSave.webext.sc.lz4	DEBUG	Save changes
1530163987196	DeferredSave.webext.sc.lz4	DEBUG	Save changes
1530163987197	DeferredSave.webext.sc.lz4	DEBUG	Save changes
1530163987197	DeferredSave.webext.sc.lz4	DEBUG	Save changes
1530163987198	DeferredSave.webext.sc.lz4	DEBUG	Save changes
1530163987201	DeferredSave.webext.sc.lz4	DEBUG	Save changes
1530163987202	DeferredSave.webext.sc.lz4	DEBUG	Save changes
1530163987204	DeferredSave.webext.sc.lz4	DEBUG	Save changes
1530163987207	DeferredSave.webext.sc.lz4	DEBUG	Save changes
1530163987208	DeferredSave.webext.sc.lz4	DEBUG	Save changes
1530163987209	DeferredSave.webext.sc.lz4	DEBUG	Save changes
1530163987210	DeferredSave.webext.sc.lz4	DEBUG	Save changes
1530163987211	DeferredSave.webext.sc.lz4	DEBUG	Save changes
1530163987212	DeferredSave.webext.sc.lz4	DEBUG	Save changes
1530163987213	DeferredSave.webext.sc.lz4	DEBUG	Save changes
1530163987214	DeferredSave.webext.sc.lz4	DEBUG	Save changes
1530163987215	DeferredSave.webext.sc.lz4	DEBUG	Save changes
1530163987217	DeferredSave.webext.sc.lz4	DEBUG	Save changes
1530163987218	DeferredSave.webext.sc.lz4	DEBUG	Save changes
1530163987220	DeferredSave.webext.sc.lz4	DEBUG	Save changes
1530163987220	DeferredSave.webext.sc.lz4	DEBUG	Save changes
1530163987221	DeferredSave.webext.sc.lz4	DEBUG	Save changes
1530163987222	DeferredSave.webext.sc.lz4	DEBUG	Save changes
1530163987227	DeferredSave.webext.sc.lz4	DEBUG	Save changes
1530163987228	DeferredSave.webext.sc.lz4	DEBUG	Save changes
1530163987229	DeferredSave.webext.sc.lz4	DEBUG	Save changes
1530163987230	DeferredSave.webext.sc.lz4	DEBUG	Save changes
1530163987231	DeferredSave.webext.sc.lz4	DEBUG	Save changes
1530163987232	DeferredSave.webext.sc.lz4	DEBUG	Save changes
1530163987232	DeferredSave.webext.sc.lz4	DEBUG	Save changes
1530163987242	DeferredSave.webext.sc.lz4	DEBUG	Save changes
1530163987243	DeferredSave.webext.sc.lz4	DEBUG	Save changes
1530163987246	DeferredSave.webext.sc.lz4	DEBUG	Save changes
1530163987247	DeferredSave.webext.sc.lz4	DEBUG	Save changes
1530163987249	DeferredSave.webext.sc.lz4	DEBUG	Save changes
1530163987249	DeferredSave.webext.sc.lz4	DEBUG	Save changes
1530163987251	DeferredSave.webext.sc.lz4	DEBUG	Save changes
1530163987252	DeferredSave.webext.sc.lz4	DEBUG	Save changes
1530163987253	DeferredSave.webext.sc.lz4	DEBUG	Save changes
1530163987254	DeferredSave.webext.sc.lz4	DEBUG	Save changes
1530163987254	DeferredSave.webext.sc.lz4	DEBUG	Save changes
1530163987255	DeferredSave.webext.sc.lz4	DEBUG	Save changes
1530163987257	DeferredSave.webext.sc.lz4	DEBUG	Save changes
1530163987259	DeferredSave.webext.sc.lz4	DEBUG	Save changes
1530163987261	DeferredSave.webext.sc.lz4	DEBUG	Save changes
1530163987263	DeferredSave.webext.sc.lz4	DEBUG	Save changes
1530163987264	DeferredSave.webext.sc.lz4	DEBUG	Save changes
1530163987265	DeferredSave.webext.sc.lz4	DEBUG	Save changes
1530163987268	DeferredSave.webext.sc.lz4	DEBUG	Save changes
1530163987269	DeferredSave.webext.sc.lz4	DEBUG	Save changes
1530163987272	DeferredSave.webext.sc.lz4	DEBUG	Save changes
1530163987290	DeferredSave.webext.sc.lz4	DEBUG	Save changes
1530163987605	DeferredSave.webext.sc.lz4	DEBUG	Save changes
1530163987606	DeferredSave.webext.sc.lz4	DEBUG	Save changes
1530163991659	DeferredSave.webext.sc.lz4	DEBUG	Starting write
1530163991693	DeferredSave.webext.sc.lz4	DEBUG	Write succeeded

Build info: version: &apos;2.45.0&apos;, revision: &apos;5017cb8e7ca8e37638dc3091b2440b90a1d8686f&apos;, time: &apos;2015-02-27 09:10:26&apos;
System info: host: &apos;PC292655&apos;, ip: &apos;10.230.203.50&apos;, os.name: &apos;Windows 7&apos;, os.arch: &apos;x86&apos;, os.version: &apos;6.1&apos;, java.version: &apos;1.8.0_172&apos;
Driver info: driver.version: FirefoxDriver
	at org.openqa.selenium.firefox.internal.NewProfileExtensionConnection.start(NewProfileExtensionConnection.java:130)
	at org.openqa.selenium.firefox.FirefoxDriver.startClient(FirefoxDriver.java:246)
	at org.openqa.selenium.remote.RemoteWebDriver.&lt;init&gt;(RemoteWebDriver.java:114)
	at org.openqa.selenium.firefox.FirefoxDriver.&lt;init&gt;(FirefoxDriver.java:191)
	at org.openqa.selenium.firefox.FirefoxDriver.&lt;init&gt;(FirefoxDriver.java:186)
	at org.openqa.selenium.firefox.FirefoxDriver.&lt;init&gt;(FirefoxDriver.java:182)
	at org.openqa.selenium.firefox.FirefoxDriver.&lt;init&gt;(FirefoxDriver.java:95)
	at sample.NewTest.beforeTest(NewTest.java:22)
	at sun.reflect.NativeMethodAccessorImpl.invoke0(Native Method)
	at sun.reflect.NativeMethodAccessorImpl.invoke(Unknown Source)
	at sun.reflect.DelegatingMethodAccessorImpl.invoke(Unknown Source)
	at java.lang.reflect.Method.invoke(Unknown Source)
	at org.testng.internal.MethodInvocationHelper.invokeMethod(MethodInvocationHelper.java:80)
	at org.testng.internal.Invoker.invokeConfigurationMethod(Invoker.java:564)
	at org.testng.internal.Invoker.invokeConfigurations(Invoker.java:213)
	at org.testng.internal.Invoker.invokeConfigurations(Invoker.java:138)
	at org.testng.TestRunner.beforeRun(TestRunner.java:641)
	at org.testng.TestRunner.run(TestRunner.java:609)
	at org.testng.SuiteRunner.runTest(SuiteRunner.java:334)
	at org.testng.SuiteRunner.runSequentially(SuiteRunner.java:329)
	at org.testng.SuiteRunner.privateRun(SuiteRunner.java:291)
	at org.testng.SuiteRunner.run(SuiteRunner.java:240)
	at org.testng.SuiteRunnerWorker.runSuite(SuiteRunnerWorker.java:52)
	at org.testng.SuiteRunnerWorker.run(SuiteRunnerWorker.java:86)
	at org.testng.TestNG.runSuitesSequentially(TestNG.java:1198)
	at org.testng.TestNG.runSuitesLocally(TestNG.java:1123)
	at org.testng.TestNG.run(TestNG.java:1031)
	at org.testng.remote.AbstractRemoteTestNG.run(AbstractRemoteTestNG.java:126)
	at org.testng.remote.RemoteTestNG.initAndRun(RemoteTestNG.java:152)
	at org.testng.remote.RemoteTestNG.main(RemoteTestNG.java:57)
Caused by: org.openqa.selenium.firefox.NotConnectedException: Unable to connect to host 127.0.0.1 on port 7055 after 45000 ms. Firefox console output:
{972ce4c6-7e08-4474-a285-3208198ce6fd}.xpi
1530163985107	addons.xpi	DEBUG	Existing add-on {972ce4c6-7e08-4474-a285-3208198ce6fd} in app-global
1530163985108	addons.xpi	DEBUG	Existing add-on {D19CA586-DD6C-4a0a-96F8-14644F340D60} in winreg-app-global
1530163985108	addons.xpi	DEBUG	getInstallState changed: false, state: {}
1530163986578	addons.xpi-utils	DEBUG	Async JSON file read took 0 MS
1530163986578	addons.xpi-utils	DEBUG	Finished async read of XPI database, parsing...
1530163986584	addons.xpi-utils	DEBUG	Successfully read XPI database
1530163986655	DeferredSave.webext.sc.lz4	DEBUG	Save changes
1530163986655	DeferredSave.webext.sc.lz4	DEBUG	Starting timer
1530163987176	DeferredSave.webext.sc.lz4	DEBUG	Save changes
1530163987196	DeferredSave.webext.sc.lz4	DEBUG	Save changes
1530163987197	DeferredSave.webext.sc.lz4	DEBUG	Save changes
1530163987197	DeferredSave.webext.sc.lz4	DEBUG	Save changes
1530163987198	DeferredSave.webext.sc.lz4	DEBUG	Save changes
1530163987201	DeferredSave.webext.sc.lz4	DEBUG	Save changes
1530163987202	DeferredSave.webext.sc.lz4	DEBUG	Save changes
1530163987204	DeferredSave.webext.sc.lz4	DEBUG	Save changes
1530163987207	DeferredSave.webext.sc.lz4	DEBUG	Save changes
1530163987208	DeferredSave.webext.sc.lz4	DEBUG	Save changes
1530163987209	DeferredSave.webext.sc.lz4	DEBUG	Save changes
1530163987210	DeferredSave.webext.sc.lz4	DEBUG	Save changes
1530163987211	DeferredSave.webext.sc.lz4	DEBUG	Save changes
1530163987212	DeferredSave.webext.sc.lz4	DEBUG	Save changes
1530163987213	DeferredSave.webext.sc.lz4	DEBUG	Save changes
1530163987214	DeferredSave.webext.sc.lz4	DEBUG	Save changes
1530163987215	DeferredSave.webext.sc.lz4	DEBUG	Save changes
1530163987217	DeferredSave.webext.sc.lz4	DEBUG	Save changes
1530163987218	DeferredSave.webext.sc.lz4	DEBUG	Save changes
1530163987220	DeferredSave.webext.sc.lz4	DEBUG	Save changes
1530163987220	DeferredSave.webext.sc.lz4	DEBUG	Save changes
1530163987221	DeferredSave.webext.sc.lz4	DEBUG	Save changes
1530163987222	DeferredSave.webext.sc.lz4	DEBUG	Save changes
1530163987227	DeferredSave.webext.sc.lz4	DEBUG	Save changes
1530163987228	DeferredSave.webext.sc.lz4	DEBUG	Save changes
1530163987229	DeferredSave.webext.sc.lz4	DEBUG	Save changes
1530163987230	DeferredSave.webext.sc.lz4	DEBUG	Save changes
1530163987231	DeferredSave.webext.sc.lz4	DEBUG	Save changes
1530163987232	DeferredSave.webext.sc.lz4	DEBUG	Save changes
1530163987232	DeferredSave.webext.sc.lz4	DEBUG	Save changes
1530163987242	DeferredSave.webext.sc.lz4	DEBUG	Save changes
1530163987243	DeferredSave.webext.sc.lz4	DEBUG	Save changes
1530163987246	DeferredSave.webext.sc.lz4	DEBUG	Save changes
1530163987247	DeferredSave.webext.sc.lz4	DEBUG	Save changes
1530163987249	DeferredSave.webext.sc.lz4	DEBUG	Save changes
1530163987249	DeferredSave.webext.sc.lz4	DEBUG	Save changes
1530163987251	DeferredSave.webext.sc.lz4	DEBUG	Save changes
1530163987252	DeferredSave.webext.sc.lz4	DEBUG	Save changes
1530163987253	DeferredSave.webext.sc.lz4	DEBUG	Save changes
1530163987254	DeferredSave.webext.sc.lz4	DEBUG	Save changes
1530163987254	DeferredSave.webext.sc.lz4	DEBUG	Save changes
1530163987255	DeferredSave.webext.sc.lz4	DEBUG	Save changes
1530163987257	DeferredSave.webext.sc.lz4	DEBUG	Save changes
1530163987259	DeferredSave.webext.sc.lz4	DEBUG	Save changes
1530163987261	DeferredSave.webext.sc.lz4	DEBUG	Save changes
1530163987263	DeferredSave.webext.sc.lz4	DEBUG	Save changes
1530163987264	DeferredSave.webext.sc.lz4	DEBUG	Save changes
1530163987265	DeferredSave.webext.sc.lz4	DEBUG	Save changes
1530163987268	DeferredSave.webext.sc.lz4	DEBUG	Save changes
1530163987269	DeferredSave.webext.sc.lz4	DEBUG	Save changes
1530163987272	DeferredSave.webext.sc.lz4	DEBUG	Save changes
1530163987290	DeferredSave.webext.sc.lz4	DEBUG	Save changes
1530163987605	DeferredSave.webext.sc.lz4	DEBUG	Save changes
1530163987606	DeferredSave.webext.sc.lz4	DEBUG	Save changes
1530163991659	DeferredSave.webext.sc.lz4	DEBUG	Starting write
1530163991693	DeferredSave.webext.sc.lz4	DEBUG	Write succeeded

	at org.openqa.selenium.firefox.internal.NewProfileExtensionConnection.start(NewProfileExtensionConnection.java:118)
	... 29 more
</pre></div><a href='#' onClick='toggleBox("stack-trace20894486", this, "Click to show all stack frames", "Click to hide stack frames")'>Click to show all stack frames</a>
<div class='stack-trace' id='stack-trace20894486'><pre>org.openqa.selenium.WebDriverException: Failed to connect to binary FirefoxBinary(C:\Program Files\Mozilla Firefox\firefox.exe) on port 7055; process output follows: 
{972ce4c6-7e08-4474-a285-3208198ce6fd}.xpi
1530163985107	addons.xpi	DEBUG	Existing add-on {972ce4c6-7e08-4474-a285-3208198ce6fd} in app-global
1530163985108	addons.xpi	DEBUG	Existing add-on {D19CA586-DD6C-4a0a-96F8-14644F340D60} in winreg-app-global
1530163985108	addons.xpi	DEBUG	getInstallState changed: false, state: {}
1530163986578	addons.xpi-utils	DEBUG	Async JSON file read took 0 MS
1530163986578	addons.xpi-utils	DEBUG	Finished async read of XPI database, parsing...
1530163986584	addons.xpi-utils	DEBUG	Successfully read XPI database
1530163986655	DeferredSave.webext.sc.lz4	DEBUG	Save changes
1530163986655	DeferredSave.webext.sc.lz4	DEBUG	Starting timer
1530163987176	DeferredSave.webext.sc.lz4	DEBUG	Save changes
1530163987196	DeferredSave.webext.sc.lz4	DEBUG	Save changes
1530163987197	DeferredSave.webext.sc.lz4	DEBUG	Save changes
1530163987197	DeferredSave.webext.sc.lz4	DEBUG	Save changes
1530163987198	DeferredSave.webext.sc.lz4	DEBUG	Save changes
1530163987201	DeferredSave.webext.sc.lz4	DEBUG	Save changes
1530163987202	DeferredSave.webext.sc.lz4	DEBUG	Save changes
1530163987204	DeferredSave.webext.sc.lz4	DEBUG	Save changes
1530163987207	DeferredSave.webext.sc.lz4	DEBUG	Save changes
1530163987208	DeferredSave.webext.sc.lz4	DEBUG	Save changes
1530163987209	DeferredSave.webext.sc.lz4	DEBUG	Save changes
1530163987210	DeferredSave.webext.sc.lz4	DEBUG	Save changes
1530163987211	DeferredSave.webext.sc.lz4	DEBUG	Save changes
1530163987212	DeferredSave.webext.sc.lz4	DEBUG	Save changes
1530163987213	DeferredSave.webext.sc.lz4	DEBUG	Save changes
1530163987214	DeferredSave.webext.sc.lz4	DEBUG	Save changes
1530163987215	DeferredSave.webext.sc.lz4	DEBUG	Save changes
1530163987217	DeferredSave.webext.sc.lz4	DEBUG	Save changes
1530163987218	DeferredSave.webext.sc.lz4	DEBUG	Save changes
1530163987220	DeferredSave.webext.sc.lz4	DEBUG	Save changes
1530163987220	DeferredSave.webext.sc.lz4	DEBUG	Save changes
1530163987221	DeferredSave.webext.sc.lz4	DEBUG	Save changes
1530163987222	DeferredSave.webext.sc.lz4	DEBUG	Save changes
1530163987227	DeferredSave.webext.sc.lz4	DEBUG	Save changes
1530163987228	DeferredSave.webext.sc.lz4	DEBUG	Save changes
1530163987229	DeferredSave.webext.sc.lz4	DEBUG	Save changes
1530163987230	DeferredSave.webext.sc.lz4	DEBUG	Save changes
1530163987231	DeferredSave.webext.sc.lz4	DEBUG	Save changes
1530163987232	DeferredSave.webext.sc.lz4	DEBUG	Save changes
1530163987232	DeferredSave.webext.sc.lz4	DEBUG	Save changes
1530163987242	DeferredSave.webext.sc.lz4	DEBUG	Save changes
1530163987243	DeferredSave.webext.sc.lz4	DEBUG	Save changes
1530163987246	DeferredSave.webext.sc.lz4	DEBUG	Save changes
1530163987247	DeferredSave.webext.sc.lz4	DEBUG	Save changes
1530163987249	DeferredSave.webext.sc.lz4	DEBUG	Save changes
1530163987249	DeferredSave.webext.sc.lz4	DEBUG	Save changes
1530163987251	DeferredSave.webext.sc.lz4	DEBUG	Save changes
1530163987252	DeferredSave.webext.sc.lz4	DEBUG	Save changes
1530163987253	DeferredSave.webext.sc.lz4	DEBUG	Save changes
1530163987254	DeferredSave.webext.sc.lz4	DEBUG	Save changes
1530163987254	DeferredSave.webext.sc.lz4	DEBUG	Save changes
1530163987255	DeferredSave.webext.sc.lz4	DEBUG	Save changes
1530163987257	DeferredSave.webext.sc.lz4	DEBUG	Save changes
1530163987259	DeferredSave.webext.sc.lz4	DEBUG	Save changes
1530163987261	DeferredSave.webext.sc.lz4	DEBUG	Save changes
1530163987263	DeferredSave.webext.sc.lz4	DEBUG	Save changes
1530163987264	DeferredSave.webext.sc.lz4	DEBUG	Save changes
1530163987265	DeferredSave.webext.sc.lz4	DEBUG	Save changes
1530163987268	DeferredSave.webext.sc.lz4	DEBUG	Save changes
1530163987269	DeferredSave.webext.sc.lz4	DEBUG	Save changes
1530163987272	DeferredSave.webext.sc.lz4	DEBUG	Save changes
1530163987290	DeferredSave.webext.sc.lz4	DEBUG	Save changes
1530163987605	DeferredSave.webext.sc.lz4	DEBUG	Save changes
1530163987606	DeferredSave.webext.sc.lz4	DEBUG	Save changes
1530163991659	DeferredSave.webext.sc.lz4	DEBUG	Starting write
1530163991693	DeferredSave.webext.sc.lz4	DEBUG	Write succeeded

Build info: version: &apos;2.45.0&apos;, revision: &apos;5017cb8e7ca8e37638dc3091b2440b90a1d8686f&apos;, time: &apos;2015-02-27 09:10:26&apos;
System info: host: &apos;PC292655&apos;, ip: &apos;10.230.203.50&apos;, os.name: &apos;Windows 7&apos;, os.arch: &apos;x86&apos;, os.version: &apos;6.1&apos;, java.version: &apos;1.8.0_172&apos;
Driver info: driver.version: FirefoxDriver
	at org.openqa.selenium.firefox.internal.NewProfileExtensionConnection.start(NewProfileExtensionConnection.java:130)
	at org.openqa.selenium.firefox.FirefoxDriver.startClient(FirefoxDriver.java:246)
	at org.openqa.selenium.remote.RemoteWebDriver.&lt;init&gt;(RemoteWebDriver.java:114)
	at org.openqa.selenium.firefox.FirefoxDriver.&lt;init&gt;(FirefoxDriver.java:191)
	at org.openqa.selenium.firefox.FirefoxDriver.&lt;init&gt;(FirefoxDriver.java:186)
	at org.openqa.selenium.firefox.FirefoxDriver.&lt;init&gt;(FirefoxDriver.java:182)
	at org.openqa.selenium.firefox.FirefoxDriver.&lt;init&gt;(FirefoxDriver.java:95)
	at sample.NewTest.beforeTest(NewTest.java:22)
	at sun.reflect.NativeMethodAccessorImpl.invoke0(Native Method)
	at sun.reflect.NativeMethodAccessorImpl.invoke(Unknown Source)
	at sun.reflect.DelegatingMethodAccessorImpl.invoke(Unknown Source)
	at java.lang.reflect.Method.invoke(Unknown Source)
	at org.testng.internal.MethodInvocationHelper.invokeMethod(MethodInvocationHelper.java:80)
	at org.testng.internal.Invoker.invokeConfigurationMethod(Invoker.java:564)
	at org.testng.internal.Invoker.invokeConfigurations(Invoker.java:213)
	at org.testng.internal.Invoker.invokeConfigurations(Invoker.java:138)
	at org.testng.TestRunner.beforeRun(TestRunner.java:641)
	at org.testng.TestRunner.run(TestRunner.java:609)
	at org.testng.SuiteRunner.runTest(SuiteRunner.java:334)
	at org.testng.SuiteRunner.runSequentially(SuiteRunner.java:329)
	at org.testng.SuiteRunner.privateRun(SuiteRunner.java:291)
	at org.testng.SuiteRunner.run(SuiteRunner.java:240)
	at org.testng.SuiteRunnerWorker.runSuite(SuiteRunnerWorker.java:52)
	at org.testng.SuiteRunnerWorker.run(SuiteRunnerWorker.java:86)
	at org.testng.TestNG.runSuitesSequentially(TestNG.java:1198)
	at org.testng.TestNG.runSuitesLocally(TestNG.java:1123)
	at org.testng.TestNG.run(TestNG.java:1031)
	at org.testng.remote.AbstractRemoteTestNG.run(AbstractRemoteTestNG.java:126)
	at org.testng.remote.RemoteTestNG.initAndRun(RemoteTestNG.java:152)
	at org.testng.remote.RemoteTestNG.main(RemoteTestNG.java:57)
Caused by: org.openqa.selenium.firefox.NotConnectedException: Unable to connect to host 127.0.0.1 on port 7055 after 45000 ms. Firefox console output:
{972ce4c6-7e08-4474-a285-3208198ce6fd}.xpi
1530163985107	addons.xpi	DEBUG	Existing add-on {972ce4c6-7e08-4474-a285-3208198ce6fd} in app-global
1530163985108	addons.xpi	DEBUG	Existing add-on {D19CA586-DD6C-4a0a-96F8-14644F340D60} in winreg-app-global
1530163985108	addons.xpi	DEBUG	getInstallState changed: false, state: {}
1530163986578	addons.xpi-utils	DEBUG	Async JSON file read took 0 MS
1530163986578	addons.xpi-utils	DEBUG	Finished async read of XPI database, parsing...
1530163986584	addons.xpi-utils	DEBUG	Successfully read XPI database
1530163986655	DeferredSave.webext.sc.lz4	DEBUG	Save changes
1530163986655	DeferredSave.webext.sc.lz4	DEBUG	Starting timer
1530163987176	DeferredSave.webext.sc.lz4	DEBUG	Save changes
1530163987196	DeferredSave.webext.sc.lz4	DEBUG	Save changes
1530163987197	DeferredSave.webext.sc.lz4	DEBUG	Save changes
1530163987197	DeferredSave.webext.sc.lz4	DEBUG	Save changes
1530163987198	DeferredSave.webext.sc.lz4	DEBUG	Save changes
1530163987201	DeferredSave.webext.sc.lz4	DEBUG	Save changes
1530163987202	DeferredSave.webext.sc.lz4	DEBUG	Save changes
1530163987204	DeferredSave.webext.sc.lz4	DEBUG	Save changes
1530163987207	DeferredSave.webext.sc.lz4	DEBUG	Save changes
1530163987208	DeferredSave.webext.sc.lz4	DEBUG	Save changes
1530163987209	DeferredSave.webext.sc.lz4	DEBUG	Save changes
1530163987210	DeferredSave.webext.sc.lz4	DEBUG	Save changes
1530163987211	DeferredSave.webext.sc.lz4	DEBUG	Save changes
1530163987212	DeferredSave.webext.sc.lz4	DEBUG	Save changes
1530163987213	DeferredSave.webext.sc.lz4	DEBUG	Save changes
1530163987214	DeferredSave.webext.sc.lz4	DEBUG	Save changes
1530163987215	DeferredSave.webext.sc.lz4	DEBUG	Save changes
1530163987217	DeferredSave.webext.sc.lz4	DEBUG	Save changes
1530163987218	DeferredSave.webext.sc.lz4	DEBUG	Save changes
1530163987220	DeferredSave.webext.sc.lz4	DEBUG	Save changes
1530163987220	DeferredSave.webext.sc.lz4	DEBUG	Save changes
1530163987221	DeferredSave.webext.sc.lz4	DEBUG	Save changes
1530163987222	DeferredSave.webext.sc.lz4	DEBUG	Save changes
1530163987227	DeferredSave.webext.sc.lz4	DEBUG	Save changes
1530163987228	DeferredSave.webext.sc.lz4	DEBUG	Save changes
1530163987229	DeferredSave.webext.sc.lz4	DEBUG	Save changes
1530163987230	DeferredSave.webext.sc.lz4	DEBUG	Save changes
1530163987231	DeferredSave.webext.sc.lz4	DEBUG	Save changes
1530163987232	DeferredSave.webext.sc.lz4	DEBUG	Save changes
1530163987232	DeferredSave.webext.sc.lz4	DEBUG	Save changes
1530163987242	DeferredSave.webext.sc.lz4	DEBUG	Save changes
1530163987243	DeferredSave.webext.sc.lz4	DEBUG	Save changes
1530163987246	DeferredSave.webext.sc.lz4	DEBUG	Save changes
1530163987247	DeferredSave.webext.sc.lz4	DEBUG	Save changes
1530163987249	DeferredSave.webext.sc.lz4	DEBUG	Save changes
1530163987249	DeferredSave.webext.sc.lz4	DEBUG	Save changes
1530163987251	DeferredSave.webext.sc.lz4	DEBUG	Save changes
1530163987252	DeferredSave.webext.sc.lz4	DEBUG	Save changes
1530163987253	DeferredSave.webext.sc.lz4	DEBUG	Save changes
1530163987254	DeferredSave.webext.sc.lz4	DEBUG	Save changes
1530163987254	DeferredSave.webext.sc.lz4	DEBUG	Save changes
1530163987255	DeferredSave.webext.sc.lz4	DEBUG	Save changes
1530163987257	DeferredSave.webext.sc.lz4	DEBUG	Save changes
1530163987259	DeferredSave.webext.sc.lz4	DEBUG	Save changes
1530163987261	DeferredSave.webext.sc.lz4	DEBUG	Save changes
1530163987263	DeferredSave.webext.sc.lz4	DEBUG	Save changes
1530163987264	DeferredSave.webext.sc.lz4	DEBUG	Save changes
1530163987265	DeferredSave.webext.sc.lz4	DEBUG	Save changes
1530163987268	DeferredSave.webext.sc.lz4	DEBUG	Save changes
1530163987269	DeferredSave.webext.sc.lz4	DEBUG	Save changes
1530163987272	DeferredSave.webext.sc.lz4	DEBUG	Save changes
1530163987290	DeferredSave.webext.sc.lz4	DEBUG	Save changes
1530163987605	DeferredSave.webext.sc.lz4	DEBUG	Save changes
1530163987606	DeferredSave.webext.sc.lz4	DEBUG	Save changes
1530163991659	DeferredSave.webext.sc.lz4	DEBUG	Starting write
1530163991693	DeferredSave.webext.sc.lz4	DEBUG	Write succeeded

	at org.openqa.selenium.firefox.internal.NewProfileExtensionConnection.start(NewProfileExtensionConnection.java:118)
	... 29 more
</pre></div></td>
<td>0</td>
<td>null</td></tr>
</table><p>
<table width='100%' border='1' class='invocation-skipped'>
<tr><td colspan='4' align='center'><b>SKIPPED CONFIGURATIONS</b></td></tr>
<tr><td><b>Test method</b></td>
<td width="30%"><b>Exception</b></td>
<td width="10%"><b>Time (seconds)</b></td>
<td><b>Instance</b></td>
</tr>
<tr>
<td title='sample.NewTest.afterTest()'><b>afterTest</b><br>Test class: sample.NewTest</td>
<td></td>
<td>0</td>
<td>null</td></tr>
</table><p>
<table width='100%' border='1' class='invocation-skipped'>
<tr><td colspan='4' align='center'><b>SKIPPED TESTS</b></td></tr>
<tr><td><b>Test method</b></td>
<td width="30%"><b>Exception</b></td>
<td width="10%"><b>Time (seconds)</b></td>
<td><b>Instance</b></td>
</tr>
<tr>
<td title='sample.NewTest.testEasy()'><b>testEasy</b><br>Test class: sample.NewTest</td>
<td></td>
<td>0</td>
<td>sample.NewTest@1565ec2</td></tr>
</table><p>
</body>
</html>